<?xml version="1.0" encoding="UTF-8"?>
<testsuite xmlns:xsi="http://www.w3.org/2001/XMLSchema-instance" xsi:noNamespaceSchemaLocation="https://maven.apache.org/surefire/maven-surefire-plugin/xsd/surefire-test-report.xsd" name="SBFR.AppTest" time="11.558" tests="4" errors="0" skipped="0" failures="0">
  <properties>
[...]
</properties>
  <testcase name="shouldAnswerWithTrue" classname="SBFR.AppTest" time="0.004"/>
  <testcase name="testGetChildNodes" classname="SBFR.AppTest" time="0.717"/>
  <testcase name="testFatherNodes" classname="SBFR.AppTest" time="0.575"/>
  <testcase name="testRelationshipDegree" classname="SBFR.AppTest" time="9.504"/>
</testsuite>